<?xml version="1.0" encoding="UTF-8"?>
<!-- Generated by org.testng.reporters.JUnitXMLReporter -->
<testsuite hostname="C365L0052573060" ignored="0" name="Registration Flow - Phone number, email and password error check" tests="9" failures="0" timestamp="13 Jun 2018 04:08:35 GMT" time="0.01" errors="0">
  <testcase name="@BeforeTest getURLSettingEnvironment" time="0.0" classname="com.ortusolis.registration.CCA_004">
    <failure type="org.json.JSONException" message="JSONObject[&amp;quot;Registration_coldStone&amp;quot;] not found.">
      <![CDATA[org.json.JSONException: JSONObject["Registration_coldStone"] not found.
	at org.json.JSONObject.get(JSONObject.java:471)
	at com.ortusolis.registration.CCA_004.getURLSettingEnvironment(CCA_004.java:28)
... Removed 27 stack frames]]>
    </failure>
  </testcase> <!-- @BeforeTest getURLSettingEnvironment -->
  <testcase name="CCA_004_BirthDayErrorValidation" time="0.0" classname="com.ortusolis.registration.CCA_004">
    <skipped/>
  </testcase> <!-- CCA_004_BirthDayErrorValidation -->
  <testcase name="CCA_004_FNameLNameErrorValidation" time="0.0" classname="com.ortusolis.registration.CCA_004">
    <skipped/>
  </testcase> <!-- CCA_004_FNameLNameErrorValidation -->
  <testcase name="CCA_004_GenderErrorValidation" time="0.0" classname="com.ortusolis.registration.CCA_004">
    <skipped/>
  </testcase> <!-- CCA_004_GenderErrorValidation -->
  <testcase name="CCA_004_WhenEmptyAllShouldPopulate" time="0.0" classname="com.ortusolis.registration.CCA_004">
    <skipped/>
  </testcase> <!-- CCA_004_WhenEmptyAllShouldPopulate -->
  <testcase name="CCA_004_YesIAgreeWerrorValidation" time="0.0" classname="com.ortusolis.registration.CCA_004">
    <skipped/>
  </testcase> <!-- CCA_004_YesIAgreeWerrorValidation -->
  <testcase name="CCA_004_ZipCodeErrorValidation" time="0.0" classname="com.ortusolis.registration.CCA_004">
    <skipped/>
  </testcase> <!-- CCA_004_ZipCodeErrorValidation -->
  <testcase name="CCA_004_emailErrorValidation" time="0.0" classname="com.ortusolis.registration.CCA_004">
    <skipped/>
  </testcase> <!-- CCA_004_emailErrorValidation -->
  <testcase name="CCA_004_passwordErrorValidation" time="0.0" classname="com.ortusolis.registration.CCA_004">
    <skipped/>
  </testcase> <!-- CCA_004_passwordErrorValidation -->
  <testcase name="CCA_004_phoneNumberErrorValidation" time="0.0" classname="com.ortusolis.registration.CCA_004">
    <skipped/>
  </testcase> <!-- CCA_004_phoneNumberErrorValidation -->
</testsuite> <!-- Registration Flow - Phone number, email and password error check -->
