<?xml version="1.0" encoding="UTF-8"?>
<!-- Generated by org.testng.reporters.JUnitXMLReporter -->
<testsuite hostname="Home-PC" ignored="0" name="Registration Flow - Phone number, email and password error check" tests="9" failures="0" timestamp="08 May 2018 10:26:13 GMT" time="0.01" errors="0">
  <testcase name="@BeforeSuite BeforeSuiteDependencyTrigger" time="20.967" classname="com.ortusolis.utilities.TestBase">
    <failure type="org.openqa.selenium.SessionNotCreatedException" message="session not created exception
from disconnected: received Inspector.detached event
  (Session info: chrome=66.0.3359.139)
  (Driver info: chromedriver=2.38.552522 (437e6fbedfa8762dec75e2c5b3ddb86763dc9dcb),platform=Windows NT 6.1.7601 SP1 x86) (WARNING: The server did not provide any stacktrace information)
Command duration or timeout: 16.83 seconds
Build info: version: &amp;apos;3.6.0&amp;apos;, revision: &amp;apos;6fbf3ec767&amp;apos;, time: &amp;apos;2017-09-27T15:28:36.4Z&amp;apos;
System info: host: &amp;apos;HOME-PC&amp;apos;, ip: &amp;apos;192.168.0.119&amp;apos;, os.name: &amp;apos;Windows 7&amp;apos;, os.arch: &amp;apos;x86&amp;apos;, os.version: &amp;apos;6.1&amp;apos;, java.version: &amp;apos;1.8.0_151&amp;apos;
Driver info: driver.version: ChromeDriver">
      <![CDATA[org.openqa.selenium.SessionNotCreatedException: session not created exception
from disconnected: received Inspector.detached event
  (Session info: chrome=66.0.3359.139)
  (Driver info: chromedriver=2.38.552522 (437e6fbedfa8762dec75e2c5b3ddb86763dc9dcb),platform=Windows NT 6.1.7601 SP1 x86) (WARNING: The server did not provide any stacktrace information)
Command duration or timeout: 16.83 seconds
Build info: version: '3.6.0', revision: '6fbf3ec767', time: '2017-09-27T15:28:36.4Z'
System info: host: 'HOME-PC', ip: '192.168.0.119', os.name: 'Windows 7', os.arch: 'x86', os.version: '6.1', java.version: '1.8.0_151'
Driver info: driver.version: ChromeDriver
	at org.openqa.selenium.remote.ErrorHandler.createThrowable(ErrorHandler.java:214)
	at org.openqa.selenium.remote.ErrorHandler.throwIfResponseFailed(ErrorHandler.java:166)
	at org.openqa.selenium.remote.JsonWireProtocolResponse.lambda$new$0(JsonWireProtocolResponse.java:53)
	at org.openqa.selenium.remote.JsonWireProtocolResponse.lambda$getResponseFunction$2(JsonWireProtocolResponse.java:91)
	at org.openqa.selenium.remote.ProtocolHandshake.lambda$createSession$24(ProtocolHandshake.java:359)
	at java.util.stream.ReferencePipeline$3$1.accept(Unknown Source)
	at java.util.Spliterators$ArraySpliterator.tryAdvance(Unknown Source)
	at java.util.stream.ReferencePipeline.forEachWithCancel(Unknown Source)
	at java.util.stream.AbstractPipeline.copyIntoWithCancel(Unknown Source)
	at java.util.stream.AbstractPipeline.copyInto(Unknown Source)
	at java.util.stream.AbstractPipeline.wrapAndCopyInto(Unknown Source)
	at java.util.stream.FindOps$FindOp.evaluateSequential(Unknown Source)
	at java.util.stream.AbstractPipeline.evaluate(Unknown Source)
	at java.util.stream.ReferencePipeline.findFirst(Unknown Source)
	at org.openqa.selenium.remote.ProtocolHandshake.createSession(ProtocolHandshake.java:362)
	at org.openqa.selenium.remote.ProtocolHandshake.createSession(ProtocolHandshake.java:136)
	at org.openqa.selenium.remote.HttpCommandExecutor.execute(HttpCommandExecutor.java:142)
	at org.openqa.selenium.remote.service.DriverCommandExecutor.execute(DriverCommandExecutor.java:83)
	at org.openqa.selenium.remote.RemoteWebDriver.execute(RemoteWebDriver.java:586)
	at org.openqa.selenium.remote.RemoteWebDriver.startSession(RemoteWebDriver.java:217)
	at org.openqa.selenium.remote.RemoteWebDriver.<init>(RemoteWebDriver.java:140)
	at org.openqa.selenium.chrome.ChromeDriver.<init>(ChromeDriver.java:181)
	at org.openqa.selenium.chrome.ChromeDriver.<init>(ChromeDriver.java:168)
	at org.openqa.selenium.chrome.ChromeDriver.<init>(ChromeDriver.java:123)
	at com.ortusolis.utilities.TestBase.launchBrowser(TestBase.java:77)
	at com.ortusolis.utilities.TestBase.BeforeSuiteDependencyTrigger(TestBase.java:52)
... Removed 27 stack frames]]>
    </failure>
  </testcase> <!-- @BeforeSuite BeforeSuiteDependencyTrigger -->
  <testcase name="@BeforeTest getURLSettingEnvironment" time="0.0" classname="com.ortusolis.registration.CCA_004">
    <skipped/>
  </testcase> <!-- @BeforeTest getURLSettingEnvironment -->
  <testcase name="CCA_004_BirthDayErrorValidation" time="0.0" classname="com.ortusolis.registration.CCA_004">
    <skipped/>
  </testcase> <!-- CCA_004_BirthDayErrorValidation -->
  <testcase name="CCA_004_FNameLNameErrorValidation" time="0.0" classname="com.ortusolis.registration.CCA_004">
    <skipped/>
  </testcase> <!-- CCA_004_FNameLNameErrorValidation -->
  <testcase name="CCA_004_GenderErrorValidation" time="0.0" classname="com.ortusolis.registration.CCA_004">
    <skipped/>
  </testcase> <!-- CCA_004_GenderErrorValidation -->
  <testcase name="CCA_004_WhenEmptyAllShouldPopulate" time="0.0" classname="com.ortusolis.registration.CCA_004">
    <skipped/>
  </testcase> <!-- CCA_004_WhenEmptyAllShouldPopulate -->
  <testcase name="CCA_004_YesIAgreeWerrorValidation" time="0.0" classname="com.ortusolis.registration.CCA_004">
    <skipped/>
  </testcase> <!-- CCA_004_YesIAgreeWerrorValidation -->
  <testcase name="CCA_004_ZipCodeErrorValidation" time="0.0" classname="com.ortusolis.registration.CCA_004">
    <skipped/>
  </testcase> <!-- CCA_004_ZipCodeErrorValidation -->
  <testcase name="CCA_004_emailErrorValidation" time="0.0" classname="com.ortusolis.registration.CCA_004">
    <skipped/>
  </testcase> <!-- CCA_004_emailErrorValidation -->
  <testcase name="CCA_004_passwordErrorValidation" time="0.0" classname="com.ortusolis.registration.CCA_004">
    <skipped/>
  </testcase> <!-- CCA_004_passwordErrorValidation -->
  <testcase name="CCA_004_phoneNumberErrorValidation" time="0.0" classname="com.ortusolis.registration.CCA_004">
    <skipped/>
  </testcase> <!-- CCA_004_phoneNumberErrorValidation -->
</testsuite> <!-- Registration Flow - Phone number, email and password error check -->
