<?xml version="1.0" encoding="UTF-8"?>
<!-- Generated by org.testng.reporters.JUnitReportReporter -->
<testsuite skipped="9" hostname="C365L0052573060" name="com.ortusolis.registration.CCA_004" tests="10" failures="0" timestamp="13 Jun 2018 04:08:37 GMT" time="0.000" errors="1">
  <testcase name="CCA_004_FNameLNameErrorValidation" time="0.000" classname="com.ortusolis.registration.CCA_004">
    <skipped/>
  </testcase> <!-- CCA_004_FNameLNameErrorValidation -->
  <testcase name="CCA_004_passwordErrorValidation" time="0.000" classname="com.ortusolis.registration.CCA_004">
    <skipped/>
  </testcase> <!-- CCA_004_passwordErrorValidation -->
  <testcase name="CCA_004_emailErrorValidation" time="0.000" classname="com.ortusolis.registration.CCA_004">
    <skipped/>
  </testcase> <!-- CCA_004_emailErrorValidation -->
  <testcase name="CCA_004_YesIAgreeWerrorValidation" time="0.000" classname="com.ortusolis.registration.CCA_004">
    <skipped/>
  </testcase> <!-- CCA_004_YesIAgreeWerrorValidation -->
  <testcase name="getURLSettingEnvironment" time="0.000" classname="com.ortusolis.registration.CCA_004">
    <error type="org.json.JSONException" message="JSONObject[&quot;Registration_coldStone&quot;] not found.">
      <![CDATA[org.json.JSONException: JSONObject["Registration_coldStone"] not found.
	at org.json.JSONObject.get(JSONObject.java:471)
	at com.ortusolis.registration.CCA_004.getURLSettingEnvironment(CCA_004.java:28)
	at sun.reflect.NativeMethodAccessorImpl.invoke0(Native Method)
	at sun.reflect.NativeMethodAccessorImpl.invoke(Unknown Source)
	at sun.reflect.DelegatingMethodAccessorImpl.invoke(Unknown Source)
	at java.lang.reflect.Method.invoke(Unknown Source)
	at org.testng.internal.MethodInvocationHelper.invokeMethod(MethodInvocationHelper.java:108)
	at org.testng.internal.Invoker.invokeConfigurationMethod(Invoker.java:523)
	at org.testng.internal.Invoker.invokeConfigurations(Invoker.java:224)
	at org.testng.internal.Invoker.invokeConfigurations(Invoker.java:146)
	at org.testng.TestRunner.beforeRun(TestRunner.java:626)
	at org.testng.TestRunner.run(TestRunner.java:594)
	at org.testng.SuiteRunner.runTest(SuiteRunner.java:380)
	at org.testng.SuiteRunner.runSequentially(SuiteRunner.java:375)
	at org.testng.SuiteRunner.privateRun(SuiteRunner.java:340)
	at org.testng.SuiteRunner.run(SuiteRunner.java:289)
	at org.testng.SuiteRunnerWorker.runSuite(SuiteRunnerWorker.java:52)
	at org.testng.SuiteRunnerWorker.run(SuiteRunnerWorker.java:86)
	at org.testng.TestNG.runSuitesSequentially(TestNG.java:1301)
	at org.testng.TestNG.runSuitesLocally(TestNG.java:1226)
	at org.testng.TestNG.runSuites(TestNG.java:1144)
	at org.testng.TestNG.run(TestNG.java:1115)
	at org.apache.maven.surefire.testng.TestNGExecutor.run(TestNGExecutor.java:283)
	at org.apache.maven.surefire.testng.TestNGXmlTestSuite.execute(TestNGXmlTestSuite.java:75)
	at org.apache.maven.surefire.testng.TestNGProvider.invoke(TestNGProvider.java:120)
	at org.apache.maven.surefire.booter.ForkedBooter.invokeProviderInSameClassLoader(ForkedBooter.java:373)
	at org.apache.maven.surefire.booter.ForkedBooter.runSuitesInProcess(ForkedBooter.java:334)
	at org.apache.maven.surefire.booter.ForkedBooter.execute(ForkedBooter.java:119)
	at org.apache.maven.surefire.booter.ForkedBooter.main(ForkedBooter.java:407)
]]>
    </error>
  </testcase> <!-- getURLSettingEnvironment -->
  <testcase name="CCA_004_BirthDayErrorValidation" time="0.000" classname="com.ortusolis.registration.CCA_004">
    <skipped/>
  </testcase> <!-- CCA_004_BirthDayErrorValidation -->
  <testcase name="CCA_004_GenderErrorValidation" time="0.000" classname="com.ortusolis.registration.CCA_004">
    <skipped/>
  </testcase> <!-- CCA_004_GenderErrorValidation -->
  <testcase name="CCA_004_WhenEmptyAllShouldPopulate" time="0.000" classname="com.ortusolis.registration.CCA_004">
    <skipped/>
  </testcase> <!-- CCA_004_WhenEmptyAllShouldPopulate -->
  <testcase name="CCA_004_ZipCodeErrorValidation" time="0.000" classname="com.ortusolis.registration.CCA_004">
    <skipped/>
  </testcase> <!-- CCA_004_ZipCodeErrorValidation -->
  <testcase name="CCA_004_phoneNumberErrorValidation" time="0.000" classname="com.ortusolis.registration.CCA_004">
    <skipped/>
  </testcase> <!-- CCA_004_phoneNumberErrorValidation -->
</testsuite> <!-- com.ortusolis.registration.CCA_004 -->
